Host: 第1回合：小队行动
[TURN] R1 actor=None move_left=None action_used=None bonus_used=None reaction_avail=None
Host: 环境概要：地点 旧城区·北侧仓棚；时间 08:00；天气 sunny
目标：冲突终结(pending)
关系：Amiya&Doctor:60; Doctor&Raider1:-70; Doctor&Raider2:-70; Doctor&Sniper1:-80; Amiya&Raider1:-60; Amiya&Raider2:-60; Amiya&Sniper1:-75; Raider1&Raider2:40; Raider1&Sniper1:30; Raider2&Sniper1:30
物品：无
坐标：Amiya(0, 1); Doctor(0, 0); Raider1(6, 1); Raider2(6, -1); Sniper1(10, 2)
角色：Amiya(HP 10/10); Doctor(HP 12/12); Raider1(HP 9/9); Raider2(HP 9/9); Sniper1(HP 8/8)
Amiya: 阿米娅目光一沉，低声道：“全员敌对……必须优先压制狙击手。”  
她抬手，源石技艺的光粒在指尖凝成弦月般的弧光，直指梁上黑影。  
CALL_TOOL perform_attack({"attacker":"Amiya","defender":"Sniper1","ability":"INT","damage_expr":"2d6+INT"})
[ACTION] attack Amiya -> Sniper1 | hit=False dmg=0 hp:8->8
Amiya[tool]: 攻击：Amiya d20+3 vs AC 14 -> 未中
Doctor: 博士瞄了眼光束擦过梁框的火星，低声：“未能命中……保持压制，别让他有瞄准空隙。”  
他抬手朝阿米娅比出“继续推进”的手势，自己则贴向更近的立柱，准备下一步指令。
Raider1: Raider1咧嘴一笑，露出犬齿，朝Raider2歪头示意：“梁上的家伙先被盯上了——趁火打劫，先收拾那个拿法杖的小兔子！”  
CALL_TOOL perform_attack({"attacker":"Raider1","defender":"Amiya","damage_expr":"1d6+STR"})
[ACTION] attack Raider1 -> Amiya | hit=False dmg=0 hp:10->10
Raider1[tool]: 攻击：Raider1 d20+1 vs AC 12 -> 未中
Raider2: Raider2听见兄弟呼喊，立刻横移两步，枪口追向粉发卡特斯：“夹击推进——先让她闭嘴！”  
CALL_TOOL perform_attack({"attacker":"Raider2","defender":"Amiya","damage_expr":"1d6+STR"})
[ACTION] attack Raider2 -> Amiya | hit=True dmg=2 hp:10->8
Raider2[tool]: 攻击：Raider2 d20+1 vs AC 12 -> 命中
伤害：1d6+1 -> 2
Amiya 受到 2 伤害，HP 8/10
Sniper1: 枪托一震，我仍稳在梁上，冷眼看着粉发兔子肩口血花溅起——目标依旧清晰。  
调整呼吸，扳机再扣，优先压制最近威胁。  
CALL_TOOL perform_attack({"attacker":"Sniper1","defender":"Amiya","ability":"DEX","damage_expr":"2d6+DEX"})
[ACTION] attack Sniper1 -> Amiya | hit=True dmg=6 hp:8->2
Sniper1[tool]: 攻击：Sniper1 d20+3 vs AC 12 -> 命中
伤害：2d6+3 -> 6
Amiya 受到 6 伤害，HP 2/10
Host: 第2回合：小队行动
[TURN] R1 actor=None move_left=None action_used=None bonus_used=None reaction_avail=None
Host: 环境概要：地点 旧城区·北侧仓棚；时间 08:00；天气 sunny
目标：冲突终结(pending)
关系：Amiya&Doctor:60; Doctor&Raider1:-70; Doctor&Raider2:-70; Doctor&Sniper1:-80; Amiya&Raider1:-60; Amiya&Raider2:-60; Amiya&Sniper1:-75; Raider1&Raider2:40; Raider1&Sniper1:30; Raider2&Sniper1:30
物品：无
坐标：Amiya(0, 1); Doctor(0, 0); Raider1(6, 1); Raider2(6, -1); Sniper1(10, 2)
角色：Amiya(HP 2/10); Doctor(HP 12/12); Raider1(HP 9/9); Raider2(HP 9/9); Sniper1(HP 8/8)
Amiya: 阿米娅踉跄半步，肩背血渍晕开，却咬牙把法杖往地面一点，借力站稳。  
“……还不能倒下。”  
她抬眸盯住梁上枪口，指尖再度聚起碎光，声音低却清晰：“必须夺他视野——博士，掩护我！”  
CALL_TOOL perform_attack({"attacker":"Amiya","defender":"Sniper1","ability":"INT","damage_expr":"2d6+INT"})
[ACTION] attack Amiya -> Sniper1 | hit=False dmg=0 hp:8->8
Amiya[tool]: 攻击：Amiya d20+3 vs AC 14 -> 未中
Doctor: 博士眼底一沉，见阿米娅血染半肩仍死盯梁上，立刻侧身冲出掩体，抬手将战术终端朝狙击手方向一晃——
“——光幕干扰，继续压制！”
CALL_TOOL perform_attack({"attacker":"Doctor","defender":"Sniper1","ability":"DEX","damage_expr":"1d4+DEX"})
[ACTION] attack Doctor -> Sniper1 | hit=False dmg=0 hp:8->8
Doctor[tool]: 攻击：Doctor d20+3 vs AC 14 -> 未中
Raider1: Raider1啐出一口血味，望见那丫头血染法杖却仍硬撑，嗤笑：“够倔，可惜倔不过子弹！”  
他刀背一敲护臂，跨步直压向阿米娅，势要补上一刀——  
CALL_TOOL perform_attack({"attacker":"Raider1","defender":"Amiya","damage_expr":"1d6+STR"})
[ACTION] attack Raider1 -> Amiya | hit=False dmg=0 hp:2->2
Raider1[tool]: 攻击：Raider1 d20+1 vs AC 12 -> 未中
Raider2: Raider2眼见兄弟失手，低骂一声，立刻侧步贴向立柱，枪口对准摇摇欲坠的粉发兔子：“补枪——别给她再抬杖的机会！”  
CALL_TOOL perform_attack({"attacker":"Raider2","defender":"Amiya","damage_expr":"1d6+STR"})
[ACTION] attack Raider2 -> Amiya | hit=True dmg=3 hp:2->0
Raider2[tool]: 攻击：Raider2 d20+1 vs AC 12 -> 命中
伤害：1d6+1 -> 3
Amiya 受到 3 伤害，HP 0/10（倒地）
Sniper1: 枪机微热，我俯视那抹粉发终于倒下，枪口顺势滑向白袍——下一个威胁。  
CALL_TOOL perform_attack({"attacker":"Sniper1","defender":"Doctor","ability":"DEX","damage_expr":"2d6+DEX"})
[ACTION] attack Sniper1 -> Doctor | hit=True dmg=11 hp:12->1
Sniper1[tool]: 攻击：Sniper1 d20+3 vs AC 14 -> 命中
伤害：2d6+3 -> 11
Doctor 受到 11 伤害，HP 1/12
Host: 第3回合：小队行动
[TURN] R1 actor=None move_left=None action_used=None bonus_used=None reaction_avail=None
Host: 环境概要：地点 旧城区·北侧仓棚；时间 08:00；天气 sunny
目标：冲突终结(pending)
关系：Amiya&Doctor:60; Doctor&Raider1:-70; Doctor&Raider2:-70; Doctor&Sniper1:-80; Amiya&Raider1:-60; Amiya&Raider2:-60; Amiya&Sniper1:-75; Raider1&Raider2:40; Raider1&Sniper1:30; Raider2&Sniper1:30
物品：无
坐标：Amiya(0, 1); Doctor(0, 0); Raider1(6, 1); Raider2(6, -1); Sniper1(10, 2)
角色：Amiya(HP 0/10); Doctor(HP 1/12); Raider1(HP 9/9); Raider2(HP 9/9); Sniper1(HP 8/8)
Amiya: 阿米娅倒在尘土里，指尖仍虚扣着法杖，血沫随呼吸轻颤。她竭力抬眼，望向博士几乎被血染透的肩背，声音低哑却执拗：

“……别停。即使我倒下……你也要活下去，把情报带回去。”

她指尖微动，一缕几乎看不见的光粒飘向博士，像最后的加护。
Doctor: 博士踉跄一步，血沿袖口滴落，却抬手接住那缕微光，眸色沉如深海。
“……收下了。”
他侧身滚向翻倒的货箱，扯下一枚震荡引信——
CALL_TOOL perform_attack({"attacker":"Doctor","defender":"Sniper1","ability":"DEX","damage_expr":"2d6+DEX","advantage":"none"})
[ACTION] attack Doctor -> Sniper1 | hit=True dmg=8 hp:8->0
Doctor[tool]: 攻击：Doctor d20+3 vs AC 14 -> 命中
伤害：2d6+3 -> 8
Sniper1 受到 8 伤害，HP 0/8（倒地）
Raider1: Raider1舔掉溅到唇边的灰土，见梁上黑影终于栽下，嗤笑一声：“狙击手先退场——接下来，轮到你这残血白袍！”  
他提刀直扑博士，靴底踏出金属碎音。  
CALL_TOOL perform_attack({"attacker":"Raider1","defender":"Doctor","damage_expr":"1d6+STR"})
[ACTION] attack Raider1 -> Doctor | hit=False dmg=0 hp:1->1
Raider1[tool]: 攻击：Raider1 d20+1 vs AC 14 -> 未中
Raider2: Raider2瞥见兄弟刀口走空，立刻横步封死博士退路，枪口抵近：“夹击——别给他再掏道具！”  
CALL_TOOL perform_attack({"attacker":"Raider2","defender":"Doctor","damage_expr":"1d6+STR"})
[ACTION] attack Raider2 -> Doctor | hit=True dmg=2 hp:1->0
Raider2[tool]: 攻击：Raider2 d20+1 vs AC 14 -> 命中
伤害：1d6+1 -> 2
Doctor 受到 2 伤害，HP 0/12（倒地）
Sniper1: 我重重摔进铁屑堆，耳膜嗡鸣，却瞥见白袍也倒下——仓棚里只剩两兄弟的喘息声。  
血从额角滑入眼角，世界一片猩红。  
我咬牙把狙击枪当拐杖，一寸寸撑起上半身，枪口仍固执地朝最近的人影抬去——  
“……还没完。”  
CALL_TOOL perform_attack({"attacker":"Sniper1","defender":"Raider1","ability":"DEX","damage_expr":"1d4+DEX"})
[ACTION] attack Sniper1 -> Raider1 | hit=True dmg=4 hp:9->5
Sniper1[tool]: 攻击：Sniper1 d20+3 vs AC 13 -> 命中
伤害：1d4+3 -> 4
Raider1 受到 4 伤害，HP 5/9
Host: 自动演算结束。
