[EVT-000002] 2025-10-07T08:16:42.623895+00:00 Host: 第1回合：小队行动
[EVT-000005] 2025-10-07T08:16:42.624225+00:00 Host: 环境概要：地点 旧城区·北侧仓棚；时间 08:00；天气 sunny
目标：冲突终结(pending)
关系：参见系统提示，避免违背己方立场
物品：无
坐标：Amiya(0, 1); Doctor(0, 0); Mephisto(6, -1); Faust(10, 2)
角色：Amiya(HP 10/10); Doctor(HP 12/12); Mephisto(HP 11/11); Faust(HP 12/12)
[EVT-000007] 2025-10-07T08:16:43.924585+00:00 Amiya: 阿米娅抬手，指尖微光闪动，目光锁定梅菲斯特：“……你的乐章，在这里休止。”  
CALL_TOOL auto_engage({"attacker":"Amiya","defender":"Mephisto","damage_expr":"1d8+CHA"})
[EVT-000010] 2025-10-07T08:16:43.924924+00:00 Amiya[tool]: Amiya 移动 6格（6.0米）（剩余 0格（0.0米））
Amiya 向 (6, -1) 移动 6格（6.0米），现位于 (6, 1)。 距目标还差 2格（2.0米）。
仍距 Mephisto 2格（2.0米），触及范围 1格（1.0米）。
Amiya 仍未进入触及范围（当前距离 2格（2.0米），触及 1格（1.0米））。
[EVT-000013] 2025-10-07T08:16:45.073154+00:00 Doctor: 我微微皱眉，低声道：“阿米娅，别冲得太急。”
CALL_TOOL advance_position({"name":"Doctor","target":[5,0],"steps":5})
[EVT-000016] 2025-10-07T08:16:45.073412+00:00 Doctor[tool]: Doctor 向 (5, 0) 移动 5格（5.0米），现位于 (5, 0)。 已抵达目标。
[EVT-000019] 2025-10-07T08:16:46.278762+00:00 Mephisto: 梅菲斯特歪头，瞧见阿米娅停在两步之外，笑意更深，却故意把嗓音放得轻柔：“只差两步……可惜，我的歌声要先为你送行。”  
CALL_TOOL perform_attack({"attacker":"Mephisto","defender":"Amiya","damage_expr":"1d6+CHA"})
[EVT-000022] 2025-10-07T08:16:46.279329+00:00 Mephisto[tool]: 距离不足：Mephisto 与 Amiya 相距 2格（2.0米），触及范围 1格（1.0米）。
[EVT-000025] 2025-10-07T08:16:47.297737+00:00 Faust: 浮士德抬弩，绿瞳锁定阿米娅的背影，低声自语：“……别动。”  
CALL_TOOL perform_attack({"attacker":"Faust","defender":"Amiya","damage_expr":"1d10+DEX"})
[EVT-000028] 2025-10-07T08:16:47.298843+00:00 Faust[tool]: 距离不足：Faust 与 Amiya 相距 5格（5.0米），触及范围 1格（1.0米）。
[EVT-000031] 2025-10-07T08:16:47.299397+00:00 Host: 第2回合：小队行动
[EVT-000034] 2025-10-07T08:16:47.300166+00:00 Host: 环境概要：地点 旧城区·北侧仓棚；时间 08:00；天气 sunny
目标：冲突终结(pending)
关系：参见系统提示，避免违背己方立场
物品：无
坐标：Amiya(6, 1); Doctor(5, 0); Mephisto(6, -1); Faust(10, 2)
角色：Amiya(HP 10/10); Doctor(HP 12/12); Mephisto(HP 11/11); Faust(HP 12/12)
[EVT-000036] 2025-10-07T08:16:48.388598+00:00 Amiya: 阿米娅微微侧头，听见身后弓弦绷紧的轻响，却仍直视梅菲斯特：“……两步，也足够让你闭嘴。”  
CALL_TOOL advance_position({"name":"Amiya","target":[6,-1],"steps":2})
[EVT-000039] 2025-10-07T08:16:48.389003+00:00 Amiya[tool]: Amiya 向 (6, -1) 移动 2格（2.0米），现位于 (6, -1)。 已抵达目标。
[EVT-000042] 2025-10-07T08:16:49.485221+00:00 Doctor: 阿米娅终于贴到梅菲斯特面前，指尖法术辉光骤亮；我压低嗓音，迅速下令：“压制开火，别给他咏唱空隙！”  
CALL_TOOL auto_engage({"attacker":"Amiya","defender":"Mephisto","damage_expr":"1d8+CHA"})
[EVT-000045] 2025-10-07T08:16:49.485633+00:00 Doctor[tool]: 攻击：Amiya d20-1 vs AC 12 -> 命中
伤害：1d8+-1 -> 6
Mephisto 受到 6 伤害，HP 5/11
[EVT-000048] 2025-10-07T08:16:51.472513+00:00 Mephisto: 梅菲斯特踉跄半步，血溅在雪白领口，却抬手舔去，嗓音仍带笑：“……音色，更亮了呢。”  
CALL_TOOL perform_attack({"attacker":"Mephisto","defender":"Amiya","damage_expr":"1d6+CHA"})
[EVT-000051] 2025-10-07T08:16:51.473209+00:00 Mephisto[tool]: 攻击：Mephisto d20-1 vs AC 12 -> 未中
[EVT-000054] 2025-10-07T08:16:52.596005+00:00 Faust: 浮士德绿瞳一沉，梁影间弩弦骤响，箭矢破空直取阿米娅背心：“——别动。”  
CALL_TOOL perform_attack({"attacker":"Faust","defender":"Amiya","damage_expr":"1d10+DEX"})
[EVT-000057] 2025-10-07T08:16:52.596385+00:00 Faust[tool]: 距离不足：Faust 与 Amiya 相距 7格（7.0米），触及范围 1格（1.0米）。
[EVT-000060] 2025-10-07T08:16:52.596598+00:00 Host: 第3回合：小队行动
[EVT-000063] 2025-10-07T08:16:52.596919+00:00 Host: 环境概要：地点 旧城区·北侧仓棚；时间 08:00；天气 sunny
目标：冲突终结(pending)
关系：参见系统提示，避免违背己方立场
物品：无
坐标：Amiya(6, -1); Doctor(5, 0); Mephisto(6, -1); Faust(10, 2)
角色：Amiya(HP 10/10); Doctor(HP 12/12); Mephisto(HP 5/11); Faust(HP 12/12)
[EVT-000065] 2025-10-07T08:16:53.718102+00:00 Amiya: 阿米娅指尖余焰未散，微抬下颌，声音压得极低：“……下一击，就让你彻底安静。”  
CALL_TOOL perform_attack({"attacker":"Amiya","defender":"Mephisto","damage_expr":"1d8+CHA"})
[EVT-000068] 2025-10-07T08:16:53.718649+00:00 Amiya[tool]: 攻击：Amiya d20-1 vs AC 12 -> 命中
伤害：1d8+-1 -> 7
Mephisto 受到 7 伤害，HP 0/11（倒地）
[EVT-000071] 2025-10-07T08:16:55.224748+00:00 Doctor: 我抬手示意阿米娅停火，目光扫过倒地咳血的梅菲斯特，又掠过梁上弩机尚张的浮士德，低声道：“目标失能，优先警戒浮士德，别补刀——留活口问情报。”
CALL_TOOL advance_position({"name":"Doctor","target":[7,-1],"steps":3})
[EVT-000074] 2025-10-07T08:16:55.225053+00:00 Doctor[tool]: Doctor 向 (7, -1) 移动 3格（3.0米），现位于 (7, -1)。 已抵达目标。
[EVT-000077] 2025-10-07T08:16:56.540569+00:00 Mephisto: 梅菲斯特仰倒在冷硬水泥上，白发被血黏成凌乱的扇形，却仍咧开唇角，气若游丝地哼起断续的童谣。  
“……歌声……还没结束……浮士德……替我唱完它……”
[EVT-000080] 2025-10-07T08:16:57.987076+00:00 Faust: 浮士德指尖在弩机上僵了半瞬，眼底映着梅菲斯特倒下的血影。  
“……别死。”  
他低声重复，却第一次把弩口从阿米娅身上移开，转向博士。  
CALL_TOOL perform_attack({"attacker":"Faust","defender":"Doctor","damage_expr":"1d10+DEX"})
[EVT-000083] 2025-10-07T08:16:57.987682+00:00 Faust[tool]: 距离不足：Faust 与 Doctor 相距 6格（6.0米），触及范围 1格（1.0米）。
[EVT-000086] 2025-10-07T08:16:57.987939+00:00 Host: 第4回合：小队行动
[EVT-000089] 2025-10-07T08:16:57.988343+00:00 Host: 环境概要：地点 旧城区·北侧仓棚；时间 08:00；天气 sunny
目标：冲突终结(pending)
关系：参见系统提示，避免违背己方立场
物品：无
坐标：Amiya(6, -1); Doctor(7, -1); Mephisto(6, -1); Faust(10, 2)
角色：Amiya(HP 10/10); Doctor(HP 12/12); Mephisto(HP 0/11); Faust(HP 12/12)
[EVT-000091] 2025-10-07T08:16:59.422855+00:00 Amiya: 阿米娅垂下手，余焰散成细碎光屑。她侧步挡住博士，望向梁上弩机，声音低却清晰：“……你的歌，已经没人再唱了。放下弩，带他走，还能活。”  
CALL_TOOL advance_position({"name":"Amiya","target":[8,-1],"steps":2})
[EVT-000094] 2025-10-07T08:16:59.423463+00:00 Amiya[tool]: Amiya 向 (8, -1) 移动 2格（2.0米），现位于 (8, -1)。 已抵达目标。
[EVT-000097] 2025-10-07T08:17:00.462728+00:00 Doctor: 我压低兜帽，灰瞳扫过仓棚内每一处阴影，确认弹药与干员站位。  
CALL_TOOL describe_world({"detail": true})
[EVT-000100] 2025-10-07T08:17:00.463534+00:00 Doctor[tool]: 地点：旧城区·北侧仓棚
目标：冲突终结(pending)
时间：08:00
天气：sunny
关系：请回顾系统提示（按己方立场慎重行动）
物品：无
角色：Amiya(HP 10/10); Doctor(HP 12/12); Mephisto(HP 0/11); Faust(HP 12/12)
(详情见元数据)
[EVT-000103] 2025-10-07T08:17:01.952924+00:00 Mephisto: 梅菲isto躺在冰冷的地面，血迹顺着白发蜿蜒，指尖却仍轻敲着节拍，像在为谁打拍子。他半阖着眼，嗓音轻得像风：“……浮士德，别停……让他们……听见最后的……高音。”  

（我当前已失能，无法行动，仅能以台词或微动作回应局势。）
[EVT-000106] 2025-10-07T08:17:03.413655+00:00 Faust: 浮士德绿瞳微颤，指节因攥紧弩机而泛白。  
“……别死。”  
他低声重复，却第一次把弩口从阿米娅身上移开，转向博士。  
CALL_TOOL perform_attack({"attacker":"Faust","defender":"Doctor","damage_expr":"1d10+DEX"})
[EVT-000109] 2025-10-07T08:17:03.414295+00:00 Faust[tool]: 距离不足：Faust 与 Doctor 相距 6格（6.0米），触及范围 1格（1.0米）。
[EVT-000112] 2025-10-07T08:17:03.414669+00:00 Host: 第5回合：小队行动
[EVT-000115] 2025-10-07T08:17:03.415341+00:00 Host: 环境概要：地点 旧城区·北侧仓棚；时间 08:00；天气 sunny
目标：冲突终结(pending)
关系：参见系统提示，避免违背己方立场
物品：无
坐标：Amiya(8, -1); Doctor(7, -1); Mephisto(6, -1); Faust(10, 2)
角色：Amiya(HP 10/10); Doctor(HP 12/12); Mephisto(HP 0/11); Faust(HP 12/12)
[EVT-000117] 2025-10-07T08:17:04.753666+00:00 Amiya: 阿米娅背脊挺直，微侧一步，把博士完全挡在身后。她抬眸望向梁上浮士德，声音压得极低，却带着不容拒绝的重量。

“……弩机再响一次，你就永远听不到他的高音了。”

她指尖重新聚起一点暗金的光，像最后的通牒。
[EVT-000120] 2025-10-07T08:17:06.012988+00:00 Doctor: 我抬手，轻轻按住阿米娅的肩，示意她暂勿开火，嗓音压得只剩气音：“……给他三秒，把弩放下，我们带梅菲斯特走。浮士德，选。”

CALL_TOOL advance_position({"name":"Doctor","target":[9,0],"steps":3})
[EVT-000123] 2025-10-07T08:17:06.013429+00:00 Doctor[tool]: Doctor 向 (9, 0) 移动 3格（3.0米），现位于 (9, 0)。 已抵达目标。
[EVT-000126] 2025-10-07T08:17:07.187485+00:00 Mephisto: 梅菲斯特指尖的血滴在地面敲出微不可闻的节奏，他半阖绿瞳，气若游丝地弯了弯嘴角：“……浮士德，别听……他们的……拍号……”

（失能状态，仅余台词。）
[EVT-000129] 2025-10-07T08:17:08.702826+00:00 Faust: 浮士德指节在弩机上发出极轻的“咔”声，像冰面裂开。  
他垂眼，看见梅菲斯特的血沿地砖缝蜿蜒成一条细线，正悄悄爬上自己的靴底。  
“……别死。”  
第三次，声音低得几乎是气音，却终于把弩机缓缓压下——折叠的弩臂收拢，发出短促的金属叹息。  
CALL_TOOL advance_position({"name":"Faust","target":[6,-1],"steps":4})
[EVT-000132] 2025-10-07T08:17:08.703403+00:00 Faust[tool]: Faust 向 (6, -1) 移动 4格（4.0米），现位于 (6, 2)。 距目标还差 3格（3.0米）。
[EVT-000135] 2025-10-07T08:17:08.703707+00:00 Host: 第6回合：小队行动
[EVT-000138] 2025-10-07T08:17:08.704241+00:00 Host: 环境概要：地点 旧城区·北侧仓棚；时间 08:00；天气 sunny
目标：冲突终结(pending)
关系：参见系统提示，避免违背己方立场
物品：无
坐标：Amiya(8, -1); Doctor(9, 0); Mephisto(6, -1); Faust(6, 2)
角色：Amiya(HP 10/10); Doctor(HP 12/12); Mephisto(HP 0/11); Faust(HP 12/12)
[EVT-000140] 2025-10-07T08:17:10.620469+00:00 Amiya: 阿米娅指尖那粒暗金火屑悬而未发，目光追着浮士德收弩、迈步的轨迹，直到他停在三步之外。  
她轻轻舒了一口气，把光点掐灭在掌心，声音低却清晰：

“……把梅菲斯特抬起来，离开这里。只要你们不再开口，我们就暂不开火。”

她侧头，用极轻的语气补了一句，像是说给博士，也像说给自己：

“博士，让医疗干员在外面接应——他们还需要一个能唱歌的肺。”
[EVT-000143] 2025-10-07T08:17:11.841537+00:00 Doctor: 我微微颔首，兜帽下的灰瞳扫过浮士德收弩的动作，低声道：“——阿米娅，维持警戒。我来呼叫外围医疗组，准备担架与止血凝胶。”

CALL_TRANSFER_ITEM(target="Faust", item="急救绷带", n=1)
[EVT-000146] 2025-10-07T08:17:13.104101+00:00 Mephisto: （轻敲手杖，目光落在浮士德收弩的背影上）  
“……哈，看来我的乐章要暂告一段落了。”  

（压低嗓音，略带沙哑地笑）  
“不过，只要嗓子还在，终章就永远不会结束。”  

（指尖微动，似在无声地继续打拍子）
[EVT-000149] 2025-10-07T08:17:15.385661+00:00 Faust: 浮士德单膝跪在血泊旁，把折叠弩背到身后，伸手探向梅菲斯特的颈侧——指尖触到微弱搏动，才几不可闻地吐出一口气。  
他抬眼，绿瞳里映着阿米娅仍未收回的敌意，也映着博士按在通讯器上的指尖，声音低哑：

“……别死。”

第四次，却像一句承诺。  
他扯开那卷急救绷带，动作粗鲁却迅速，勒住梅菲斯特肋下最深的伤口，血立刻浸透纱布。  
随后，他把人横抱起来，白发垂落在他臂弯，像一截断掉的乐谱。  

“让路。”  
只有一个词，却足够。
[EVT-000152] 2025-10-07T08:17:15.386080+00:00 Host: 第7回合：小队行动
[EVT-000155] 2025-10-07T08:17:15.386450+00:00 Host: 环境概要：地点 旧城区·北侧仓棚；时间 08:00；天气 sunny
目标：冲突终结(pending)
关系：参见系统提示，避免违背己方立场
物品：无
坐标：Amiya(8, -1); Doctor(9, 0); Mephisto(6, -1); Faust(6, 2)
角色：Amiya(HP 10/10); Doctor(HP 12/12); Mephisto(HP 0/11); Faust(HP 12/12)
[EVT-000157] 2025-10-07T08:17:17.388746+00:00 Amiya: 阿米娅没有后退，却向旁侧半步，让出通往仓棚大门的直线。她指尖仍虚握着那粒已熄的光，声音压得极低：

“……沿着来时的铁轨走，别回头。再听见你们的歌声，下一次就不会停手。”

她抬眼，目送浮士德抱人踏过血泊，直到对方的靴跟踩上门口第一道晨影，才轻声补了一句：

“博士，通知外围保持绿灯——让他们过去。”
[EVT-000160] 2025-10-07T08:17:19.350442+00:00 Doctor: 我微微抬手，按住耳麦低声道：“外围各组，目标已脱离交战状态，保持绿灯，禁止追击。医疗小队B组，准备止血凝胶与氧气面罩，在北侧轨道口待命。”

灰瞳扫过浮士德抱人离去的背影，确认血迹未在地面拖出第二道痕迹，才补一句：

“……把今天的录音归档，代号‘休止符’。让情报部分析他哼的拍号。”
[EVT-000163] 2025-10-07T08:17:21.546154+00:00 Mephisto: 梅菲斯特靠在浮士德臂弯里，血顺着绷带一滴滴落在铁轨旁的石子上，像一串走音的节拍。他半睁着翠绿的眸子，望向渐远的仓棚，气若游丝却带着笑：

“……浮士德，别走得太快……我还要……给他们留一段……尾声。”

指尖轻颤，最后一次敲在空气里，仿佛给无形的乐谱画上终止线，却终究没再发出声音。
[EVT-000166] 2025-10-07T08:17:23.140294+00:00 Faust: I noticed that you have interrupted me. What can I do for you?
[EVT-000169] 2025-10-07T08:17:23.140475+00:00 Host: 第8回合：小队行动
[EVT-000172] 2025-10-07T08:17:23.140711+00:00 Host: 环境概要：地点 旧城区·北侧仓棚；时间 08:00；天气 sunny
目标：冲突终结(pending)
关系：参见系统提示，避免违背己方立场
物品：无
坐标：Amiya(8, -1); Doctor(9, 0); Mephisto(6, -1); Faust(6, 2)
角色：Amiya(HP 10/10); Doctor(HP 12/12); Mephisto(HP 0/11); Faust(HP 12/12)
[EVT-000174] 2025-10-07T08:17:23.357312+00:00 Amiya: I noticed that you have interrupted me. What can I do for you?
